mode: set
github.com/faizalnurrozi/go-starter-kit/internal/errors/custom_error.go:14.35,16.2 1 0
github.com/faizalnurrozi/go-starter-kit/internal/errors/custom_error.go:18.73,23.22 2 0
github.com/faizalnurrozi/go-starter-kit/internal/errors/custom_error.go:23.22,25.3 1 0
github.com/faizalnurrozi/go-starter-kit/internal/errors/custom_error.go:26.2,26.12 1 0
github.com/faizalnurrozi/go-starter-kit/internal/errors/custom_error.go:30.51,32.2 1 0
github.com/faizalnurrozi/go-starter-kit/internal/errors/custom_error.go:34.50,36.2 1 0
github.com/faizalnurrozi/go-starter-kit/internal/errors/custom_error.go:38.39,40.2 1 0
github.com/faizalnurrozi/go-starter-kit/internal/errors/custom_error.go:42.49,44.2 1 0
github.com/faizalnurrozi/go-starter-kit/internal/errors/custom_error.go:46.49,48.2 1 0
github.com/faizalnurrozi/go-starter-kit/internal/grpc/server.go:17.44,27.2 2 0
github.com/faizalnurrozi/go-starter-kit/internal/grpc/server.go:29.26,31.16 2 0
github.com/faizalnurrozi/go-starter-kit/internal/grpc/server.go:31.16,33.3 1 0
github.com/faizalnurrozi/go-starter-kit/internal/grpc/server.go:35.2,37.44 2 0
github.com/faizalnurrozi/go-starter-kit/internal/grpc/server.go:37.44,39.3 1 0
github.com/faizalnurrozi/go-starter-kit/internal/grpc/server.go:42.25,44.2 1 0
github.com/faizalnurrozi/go-starter-kit/internal/handler/health_handler.go:11.40,13.2 1 0
github.com/faizalnurrozi/go-starter-kit/internal/handler/health_handler.go:15.51,23.2 2 0
github.com/faizalnurrozi/go-starter-kit/internal/handler/user_handler.go:17.70,21.2 1 0
github.com/faizalnurrozi/go-starter-kit/internal/handler/user_handler.go:23.50,27.16 3 0
github.com/faizalnurrozi/go-starter-kit/internal/handler/user_handler.go:27.16,29.3 1 0
github.com/faizalnurrozi/go-starter-kit/internal/handler/user_handler.go:31.2,31.35 1 0
github.com/faizalnurrozi/go-starter-kit/internal/handler/user_handler.go:34.51,38.16 3 0
github.com/faizalnurrozi/go-starter-kit/internal/handler/user_handler.go:38.16,40.3 1 0
github.com/faizalnurrozi/go-starter-kit/internal/handler/user_handler.go:42.2,42.35 1 0
github.com/faizalnurrozi/go-starter-kit/internal/handler/user_handler.go:45.50,50.16 4 0
github.com/faizalnurrozi/go-starter-kit/internal/handler/user_handler.go:50.16,52.3 1 0
github.com/faizalnurrozi/go-starter-kit/internal/handler/user_handler.go:54.2,54.36 1 0
github.com/faizalnurrozi/go-starter-kit/internal/handler/user_handler.go:57.50,62.16 4 0
github.com/faizalnurrozi/go-starter-kit/internal/handler/user_handler.go:62.16,64.3 1 0
github.com/faizalnurrozi/go-starter-kit/internal/handler/user_handler.go:66.2,66.35 1 0
github.com/faizalnurrozi/go-starter-kit/internal/handler/user_handler.go:69.50,73.16 3 0
github.com/faizalnurrozi/go-starter-kit/internal/handler/user_handler.go:73.16,75.3 1 0
github.com/faizalnurrozi/go-starter-kit/internal/handler/user_handler.go:77.2,77.88 1 0
github.com/faizalnurrozi/go-starter-kit/cmd/server/main.go:26.13,35.16 4 0
github.com/faizalnurrozi/go-starter-kit/cmd/server/main.go:35.16,37.3 1 0
github.com/faizalnurrozi/go-starter-kit/cmd/server/main.go:40.2,69.12 12 0
github.com/faizalnurrozi/go-starter-kit/cmd/server/main.go:69.12,70.59 1 0
github.com/faizalnurrozi/go-starter-kit/cmd/server/main.go:70.59,72.4 1 0
github.com/faizalnurrozi/go-starter-kit/cmd/server/main.go:76.2,85.53 7 0
github.com/faizalnurrozi/go-starter-kit/cmd/server/main.go:85.53,87.3 1 0
github.com/faizalnurrozi/go-starter-kit/cmd/server/main.go:89.2,93.30 4 0
github.com/faizalnurrozi/go-starter-kit/cmd/server/main.go:96.106,118.2 12 0
github.com/faizalnurrozi/go-starter-kit/internal/database/connection.go:14.52,18.29 3 0
github.com/faizalnurrozi/go-starter-kit/internal/database/connection.go:19.18,28.33 2 0
github.com/faizalnurrozi/go-starter-kit/internal/database/connection.go:29.15,37.30 2 0
github.com/faizalnurrozi/go-starter-kit/internal/database/connection.go:38.10,39.81 1 0
github.com/faizalnurrozi/go-starter-kit/internal/database/connection.go:42.2,43.16 2 0
github.com/faizalnurrozi/go-starter-kit/internal/database/connection.go:43.16,45.3 1 0
github.com/faizalnurrozi/go-starter-kit/internal/database/connection.go:48.2,48.55 1 0
github.com/faizalnurrozi/go-starter-kit/internal/database/connection.go:48.55,50.3 1 0
github.com/faizalnurrozi/go-starter-kit/internal/database/connection.go:52.2,52.16 1 0
github.com/faizalnurrozi/go-starter-kit/internal/database/connection.go:55.31,57.16 2 0
github.com/faizalnurrozi/go-starter-kit/internal/database/connection.go:57.16,59.3 1 0
github.com/faizalnurrozi/go-starter-kit/internal/database/connection.go:60.2,60.22 1 0
github.com/faizalnurrozi/go-starter-kit/internal/cache/redis.go:9.55,17.2 2 0
github.com/faizalnurrozi/go-starter-kit/internal/dto/response/user_response.go:18.55,27.2 1 0
github.com/faizalnurrozi/go-starter-kit/internal/dto/response/user_response.go:29.63,31.29 2 0
github.com/faizalnurrozi/go-starter-kit/internal/dto/response/user_response.go:31.29,33.3 1 0
github.com/faizalnurrozi/go-starter-kit/internal/dto/response/user_response.go:34.2,34.17 1 0
github.com/faizalnurrozi/go-starter-kit/internal/config/config.go:56.21,58.43 1 0
github.com/faizalnurrozi/go-starter-kit/internal/config/config.go:58.43,60.6 1 0
github.com/faizalnurrozi/go-starter-kit/internal/config/config.go:62.5,73.48 7 0
github.com/faizalnurrozi/go-starter-kit/internal/config/config.go:73.48,75.6 1 0
github.com/faizalnurrozi/go-starter-kit/internal/config/config.go:77.5,78.52 2 0
github.com/faizalnurrozi/go-starter-kit/internal/config/config.go:78.52,80.6 1 0
github.com/faizalnurrozi/go-starter-kit/internal/config/config.go:82.5,83.19 2 0
github.com/faizalnurrozi/go-starter-kit/internal/config/config.go:86.20,87.28 1 0
github.com/faizalnurrozi/go-starter-kit/internal/config/config.go:87.28,89.6 1 0
github.com/faizalnurrozi/go-starter-kit/internal/config/config.go:90.5,90.24 1 0
github.com/faizalnurrozi/go-starter-kit/internal/config/config.go:93.20,105.2 11 0
github.com/faizalnurrozi/go-starter-kit/internal/repository/impl/user_repository_impl.go:16.63,18.2 1 0
github.com/faizalnurrozi/go-starter-kit/internal/repository/impl/user_repository_impl.go:20.79,22.2 1 0
github.com/faizalnurrozi/go-starter-kit/internal/repository/impl/user_repository_impl.go:24.86,27.16 3 0
github.com/faizalnurrozi/go-starter-kit/internal/repository/impl/user_repository_impl.go:27.16,29.3 1 0
github.com/faizalnurrozi/go-starter-kit/internal/repository/impl/user_repository_impl.go:30.2,30.19 1 0
github.com/faizalnurrozi/go-starter-kit/internal/repository/impl/user_repository_impl.go:33.94,36.16 3 0
github.com/faizalnurrozi/go-starter-kit/internal/repository/impl/user_repository_impl.go:36.16,38.3 1 0
github.com/faizalnurrozi/go-starter-kit/internal/repository/impl/user_repository_impl.go:39.2,39.19 1 0
github.com/faizalnurrozi/go-starter-kit/internal/repository/impl/user_repository_impl.go:42.96,46.2 3 0
github.com/faizalnurrozi/go-starter-kit/internal/repository/impl/user_repository_impl.go:48.79,50.2 1 0
github.com/faizalnurrozi/go-starter-kit/internal/repository/impl/user_repository_impl.go:52.69,54.2 1 0
github.com/faizalnurrozi/go-starter-kit/internal/repository/impl/user_repository_impl.go:56.68,60.2 3 0
github.com/faizalnurrozi/go-starter-kit/internal/middleware/auth.go:15.27,16.34 1 0
github.com/faizalnurrozi/go-starter-kit/internal/middleware/auth.go:16.34,18.23 2 0
github.com/faizalnurrozi/go-starter-kit/internal/middleware/auth.go:18.23,20.4 1 0
github.com/faizalnurrozi/go-starter-kit/internal/middleware/auth.go:22.3,23.24 2 0
github.com/faizalnurrozi/go-starter-kit/internal/middleware/auth.go:23.24,25.4 1 0
github.com/faizalnurrozi/go-starter-kit/internal/middleware/auth.go:27.3,28.84 2 0
github.com/faizalnurrozi/go-starter-kit/internal/middleware/auth.go:28.84,30.4 1 0
github.com/faizalnurrozi/go-starter-kit/internal/middleware/auth.go:32.3,32.33 1 0
github.com/faizalnurrozi/go-starter-kit/internal/middleware/auth.go:32.33,35.4 2 0
github.com/faizalnurrozi/go-starter-kit/internal/middleware/auth.go:37.3,37.53 1 0
github.com/faizalnurrozi/go-starter-kit/internal/middleware/auth.go:37.53,40.4 2 0
github.com/faizalnurrozi/go-starter-kit/internal/middleware/auth.go:42.3,42.18 1 0
github.com/faizalnurrozi/go-starter-kit/internal/middleware/cors.go:10.27,17.2 1 0
github.com/faizalnurrozi/go-starter-kit/internal/middleware/cors.go:19.50,21.2 1 0
github.com/faizalnurrozi/go-starter-kit/internal/middleware/logging.go:12.29,13.34 1 0
github.com/faizalnurrozi/go-starter-kit/internal/middleware/logging.go:13.34,30.3 5 0
github.com/faizalnurrozi/go-starter-kit/internal/middleware/validator.go:18.61,19.34 1 0
github.com/faizalnurrozi/go-starter-kit/internal/middleware/validator.go:19.34,22.36 2 0
github.com/faizalnurrozi/go-starter-kit/internal/middleware/validator.go:22.36,24.4 1 0
github.com/faizalnurrozi/go-starter-kit/internal/middleware/validator.go:25.3,28.43 2 0
github.com/faizalnurrozi/go-starter-kit/internal/middleware/validator.go:28.43,30.4 1 0
github.com/faizalnurrozi/go-starter-kit/internal/middleware/validator.go:33.3,33.46 1 0
github.com/faizalnurrozi/go-starter-kit/internal/middleware/validator.go:33.46,35.57 2 0
github.com/faizalnurrozi/go-starter-kit/internal/middleware/validator.go:35.57,37.5 1 0
github.com/faizalnurrozi/go-starter-kit/internal/middleware/validator.go:38.4,38.113 1 0
github.com/faizalnurrozi/go-starter-kit/internal/middleware/validator.go:41.3,42.18 2 0
github.com/faizalnurrozi/go-starter-kit/internal/middleware/validator.go:46.37,47.34 1 0
github.com/faizalnurrozi/go-starter-kit/internal/middleware/validator.go:47.34,50.48 2 0
github.com/faizalnurrozi/go-starter-kit/internal/middleware/validator.go:50.48,52.4 1 0
github.com/faizalnurrozi/go-starter-kit/internal/middleware/validator.go:54.3,54.49 1 0
github.com/faizalnurrozi/go-starter-kit/internal/middleware/validator.go:54.49,56.4 1 0
github.com/faizalnurrozi/go-starter-kit/internal/middleware/validator.go:58.3,59.18 2 0
github.com/faizalnurrozi/go-starter-kit/internal/logger/logger.go:12.25,15.26 2 0
github.com/faizalnurrozi/go-starter-kit/internal/logger/logger.go:15.26,17.6 1 0
github.com/faizalnurrozi/go-starter-kit/internal/logger/logger.go:17.11,19.6 1 0
github.com/faizalnurrozi/go-starter-kit/internal/logger/logger.go:21.5,24.19 3 0
github.com/faizalnurrozi/go-starter-kit/internal/logger/logger.go:24.19,26.6 1 0
github.com/faizalnurrozi/go-starter-kit/internal/logger/logger.go:27.5,27.27 1 0
github.com/faizalnurrozi/go-starter-kit/internal/logger/logger.go:30.29,31.16 1 0
github.com/faizalnurrozi/go-starter-kit/internal/logger/logger.go:31.16,33.3 1 0
github.com/faizalnurrozi/go-starter-kit/internal/logger/logger.go:37.32,39.2 1 0
github.com/faizalnurrozi/go-starter-kit/internal/logger/logger.go:41.33,43.2 1 0
github.com/faizalnurrozi/go-starter-kit/internal/logger/logger.go:45.33,47.2 1 0
github.com/faizalnurrozi/go-starter-kit/internal/logger/logger.go:49.32,51.2 1 0
github.com/faizalnurrozi/go-starter-kit/internal/logger/logger.go:53.33,55.2 1 0
github.com/faizalnurrozi/go-starter-kit/internal/logger/logger.go:57.53,59.2 1 0
github.com/faizalnurrozi/go-starter-kit/internal/logger/logger.go:61.33,63.2 1 0
github.com/faizalnurrozi/go-starter-kit/internal/service/impl/user_service_impl.go:28.94,33.2 1 0
github.com/faizalnurrozi/go-starter-kit/internal/service/impl/user_service_impl.go:35.111,43.16 3 0
github.com/faizalnurrozi/go-starter-kit/internal/service/impl/user_service_impl.go:43.16,45.3 1 0
github.com/faizalnurrozi/go-starter-kit/internal/service/impl/user_service_impl.go:46.2,46.35 1 0
github.com/faizalnurrozi/go-starter-kit/internal/service/impl/user_service_impl.go:46.35,49.3 2 0
github.com/faizalnurrozi/go-starter-kit/internal/service/impl/user_service_impl.go:52.2,53.16 2 0
github.com/faizalnurrozi/go-starter-kit/internal/service/impl/user_service_impl.go:53.16,56.3 2 0
github.com/faizalnurrozi/go-starter-kit/internal/service/impl/user_service_impl.go:58.2,65.53 2 0
github.com/faizalnurrozi/go-starter-kit/internal/service/impl/user_service_impl.go:65.53,68.3 2 0
github.com/faizalnurrozi/go-starter-kit/internal/service/impl/user_service_impl.go:71.2,78.44 3 0
github.com/faizalnurrozi/go-starter-kit/internal/service/impl/user_service_impl.go:81.93,83.51 1 0
github.com/faizalnurrozi/go-starter-kit/internal/service/impl/user_service_impl.go:83.51,85.3 1 0
github.com/faizalnurrozi/go-starter-kit/internal/service/impl/user_service_impl.go:87.2,88.16 2 0
github.com/faizalnurrozi/go-starter-kit/internal/service/impl/user_service_impl.go:88.16,89.36 1 0
github.com/faizalnurrozi/go-starter-kit/internal/service/impl/user_service_impl.go:89.36,91.4 1 0
github.com/faizalnurrozi/go-starter-kit/internal/service/impl/user_service_impl.go:92.3,93.60 2 0
github.com/faizalnurrozi/go-starter-kit/internal/service/impl/user_service_impl.go:97.2,99.44 2 0
github.com/faizalnurrozi/go-starter-kit/internal/service/impl/user_service_impl.go:102.104,104.16 2 0
github.com/faizalnurrozi/go-starter-kit/internal/service/impl/user_service_impl.go:104.16,107.3 2 0
github.com/faizalnurrozi/go-starter-kit/internal/service/impl/user_service_impl.go:109.2,109.49 1 0
github.com/faizalnurrozi/go-starter-kit/internal/service/impl/user_service_impl.go:112.120,114.16 2 0
github.com/faizalnurrozi/go-starter-kit/internal/service/impl/user_service_impl.go:114.16,115.36 1 0
github.com/faizalnurrozi/go-starter-kit/internal/service/impl/user_service_impl.go:115.36,117.4 1 0
github.com/faizalnurrozi/go-starter-kit/internal/service/impl/user_service_impl.go:118.3,119.60 2 0
github.com/faizalnurrozi/go-starter-kit/internal/service/impl/user_service_impl.go:123.2,123.21 1 0
github.com/faizalnurrozi/go-starter-kit/internal/service/impl/user_service_impl.go:123.21,125.3 1 0
github.com/faizalnurrozi/go-starter-kit/internal/service/impl/user_service_impl.go:126.2,126.22 1 0
github.com/faizalnurrozi/go-starter-kit/internal/service/impl/user_service_impl.go:126.22,128.3 1 0
github.com/faizalnurrozi/go-starter-kit/internal/service/impl/user_service_impl.go:129.2,129.25 1 0
github.com/faizalnurrozi/go-starter-kit/internal/service/impl/user_service_impl.go:129.25,131.3 1 0
github.com/faizalnurrozi/go-starter-kit/internal/service/impl/user_service_impl.go:133.2,133.53 1 0
github.com/faizalnurrozi/go-starter-kit/internal/service/impl/user_service_impl.go:133.53,136.3 2 0
github.com/faizalnurrozi/go-starter-kit/internal/service/impl/user_service_impl.go:139.2,141.44 2 0
github.com/faizalnurrozi/go-starter-kit/internal/service/impl/user_service_impl.go:144.66,146.16 2 0
github.com/faizalnurrozi/go-starter-kit/internal/service/impl/user_service_impl.go:146.16,147.36 1 0
github.com/faizalnurrozi/go-starter-kit/internal/service/impl/user_service_impl.go:147.36,149.4 1 0
github.com/faizalnurrozi/go-starter-kit/internal/service/impl/user_service_impl.go:150.3,151.55 2 0
github.com/faizalnurrozi/go-starter-kit/internal/service/impl/user_service_impl.go:154.2,154.51 1 0
github.com/faizalnurrozi/go-starter-kit/internal/service/impl/user_service_impl.go:154.51,157.3 2 0
github.com/faizalnurrozi/go-starter-kit/internal/service/impl/user_service_impl.go:160.2,162.12 2 0
github.com/faizalnurrozi/go-starter-kit/internal/service/impl/user_service_impl.go:165.73,166.20 1 0
github.com/faizalnurrozi/go-starter-kit/internal/service/impl/user_service_impl.go:166.20,168.3 1 0
github.com/faizalnurrozi/go-starter-kit/internal/service/impl/user_service_impl.go:170.2,172.45 3 0
github.com/faizalnurrozi/go-starter-kit/internal/service/impl/user_service_impl.go:175.80,176.20 1 0
github.com/faizalnurrozi/go-starter-kit/internal/service/impl/user_service_impl.go:176.20,178.3 1 0
github.com/faizalnurrozi/go-starter-kit/internal/service/impl/user_service_impl.go:180.2,182.16 3 0
github.com/faizalnurrozi/go-starter-kit/internal/service/impl/user_service_impl.go:182.16,184.3 1 0
github.com/faizalnurrozi/go-starter-kit/internal/service/impl/user_service_impl.go:186.2,187.60 2 0
github.com/faizalnurrozi/go-starter-kit/internal/service/impl/user_service_impl.go:187.60,189.3 1 0
github.com/faizalnurrozi/go-starter-kit/internal/service/impl/user_service_impl.go:191.2,191.14 1 0
github.com/faizalnurrozi/go-starter-kit/internal/service/impl/user_service_impl.go:194.73,195.20 1 0
github.com/faizalnurrozi/go-starter-kit/internal/service/impl/user_service_impl.go:195.20,197.3 1 0
github.com/faizalnurrozi/go-starter-kit/internal/service/impl/user_service_impl.go:199.2,200.23 2 0
github.com/faizalnurrozi/go-starter-kit/internal/utils/response.go:20.56,28.2 2 0
github.com/faizalnurrozi/go-starter-kit/internal/utils/response.go:30.47,33.25 2 0
github.com/faizalnurrozi/go-starter-kit/internal/utils/response.go:34.24,41.58 2 0
github.com/faizalnurrozi/go-starter-kit/internal/utils/response.go:42.10,49.40 3 0
github.com/faizalnurrozi/go-starter-kit/internal/utils/response.go:53.78,56.9 2 0
github.com/faizalnurrozi/go-starter-kit/internal/utils/response.go:57.48,60.44 3 0
github.com/faizalnurrozi/go-starter-kit/internal/utils/response.go:61.10,62.45 1 0
github.com/faizalnurrozi/go-starter-kit/internal/utils/response.go:66.34,67.14 1 0
github.com/faizalnurrozi/go-starter-kit/internal/utils/response.go:68.11,69.13 1 0
github.com/faizalnurrozi/go-starter-kit/internal/utils/response.go:70.11,71.13 1 0
github.com/faizalnurrozi/go-starter-kit/internal/utils/response.go:72.11,73.13 1 0
github.com/faizalnurrozi/go-starter-kit/internal/utils/response.go:74.10,75.13 1 0
github.com/faizalnurrozi/go-starter-kit/internal/dto/response/user_response.go:18.55,27.2 1 1
github.com/faizalnurrozi/go-starter-kit/internal/dto/response/user_response.go:29.63,31.29 2 0
github.com/faizalnurrozi/go-starter-kit/internal/dto/response/user_response.go:31.29,33.3 1 0
github.com/faizalnurrozi/go-starter-kit/internal/dto/response/user_response.go:34.2,34.17 1 0
github.com/faizalnurrozi/go-starter-kit/internal/errors/custom_error.go:14.35,16.2 1 1
github.com/faizalnurrozi/go-starter-kit/internal/errors/custom_error.go:18.73,23.22 2 1
github.com/faizalnurrozi/go-starter-kit/internal/errors/custom_error.go:23.22,25.3 1 0
github.com/faizalnurrozi/go-starter-kit/internal/errors/custom_error.go:26.2,26.12 1 1
github.com/faizalnurrozi/go-starter-kit/internal/errors/custom_error.go:30.51,32.2 1 0
github.com/faizalnurrozi/go-starter-kit/internal/errors/custom_error.go:34.50,36.2 1 0
github.com/faizalnurrozi/go-starter-kit/internal/errors/custom_error.go:38.39,40.2 1 0
github.com/faizalnurrozi/go-starter-kit/internal/errors/custom_error.go:42.49,44.2 1 0
github.com/faizalnurrozi/go-starter-kit/internal/errors/custom_error.go:46.49,48.2 1 1
github.com/faizalnurrozi/go-starter-kit/internal/logger/logger.go:12.25,15.26 2 1
github.com/faizalnurrozi/go-starter-kit/internal/logger/logger.go:15.26,17.6 1 0
github.com/faizalnurrozi/go-starter-kit/internal/logger/logger.go:17.11,19.6 1 1
github.com/faizalnurrozi/go-starter-kit/internal/logger/logger.go:21.5,24.19 3 1
github.com/faizalnurrozi/go-starter-kit/internal/logger/logger.go:24.19,26.6 1 0
github.com/faizalnurrozi/go-starter-kit/internal/logger/logger.go:27.5,27.27 1 1
github.com/faizalnurrozi/go-starter-kit/internal/logger/logger.go:30.29,31.16 1 0
github.com/faizalnurrozi/go-starter-kit/internal/logger/logger.go:31.16,33.3 1 0
github.com/faizalnurrozi/go-starter-kit/internal/logger/logger.go:37.32,39.2 1 0
github.com/faizalnurrozi/go-starter-kit/internal/logger/logger.go:41.33,43.2 1 0
github.com/faizalnurrozi/go-starter-kit/internal/logger/logger.go:45.33,47.2 1 0
github.com/faizalnurrozi/go-starter-kit/internal/logger/logger.go:49.32,51.2 1 0
github.com/faizalnurrozi/go-starter-kit/internal/logger/logger.go:53.33,55.2 1 0
github.com/faizalnurrozi/go-starter-kit/internal/logger/logger.go:57.53,59.2 1 1
github.com/faizalnurrozi/go-starter-kit/internal/logger/logger.go:61.33,63.2 1 0
github.com/faizalnurrozi/go-starter-kit/internal/service/impl/user_service_impl.go:28.94,33.2 1 1
github.com/faizalnurrozi/go-starter-kit/internal/service/impl/user_service_impl.go:35.111,43.16 3 1
github.com/faizalnurrozi/go-starter-kit/internal/service/impl/user_service_impl.go:43.16,45.3 1 1
github.com/faizalnurrozi/go-starter-kit/internal/service/impl/user_service_impl.go:46.2,46.35 1 1
github.com/faizalnurrozi/go-starter-kit/internal/service/impl/user_service_impl.go:46.35,49.3 2 0
github.com/faizalnurrozi/go-starter-kit/internal/service/impl/user_service_impl.go:52.2,53.16 2 1
github.com/faizalnurrozi/go-starter-kit/internal/service/impl/user_service_impl.go:53.16,56.3 2 0
github.com/faizalnurrozi/go-starter-kit/internal/service/impl/user_service_impl.go:58.2,65.53 2 1
github.com/faizalnurrozi/go-starter-kit/internal/service/impl/user_service_impl.go:65.53,68.3 2 0
github.com/faizalnurrozi/go-starter-kit/internal/service/impl/user_service_impl.go:71.2,78.44 3 1
github.com/faizalnurrozi/go-starter-kit/internal/service/impl/user_service_impl.go:81.93,83.51 1 0
github.com/faizalnurrozi/go-starter-kit/internal/service/impl/user_service_impl.go:83.51,85.3 1 0
github.com/faizalnurrozi/go-starter-kit/internal/service/impl/user_service_impl.go:87.2,88.16 2 0
github.com/faizalnurrozi/go-starter-kit/internal/service/impl/user_service_impl.go:88.16,89.36 1 0
github.com/faizalnurrozi/go-starter-kit/internal/service/impl/user_service_impl.go:89.36,91.4 1 0
github.com/faizalnurrozi/go-starter-kit/internal/service/impl/user_service_impl.go:92.3,93.60 2 0
github.com/faizalnurrozi/go-starter-kit/internal/service/impl/user_service_impl.go:97.2,99.44 2 0
github.com/faizalnurrozi/go-starter-kit/internal/service/impl/user_service_impl.go:102.104,104.16 2 0
github.com/faizalnurrozi/go-starter-kit/internal/service/impl/user_service_impl.go:104.16,107.3 2 0
github.com/faizalnurrozi/go-starter-kit/internal/service/impl/user_service_impl.go:109.2,109.49 1 0
github.com/faizalnurrozi/go-starter-kit/internal/service/impl/user_service_impl.go:112.120,114.16 2 0
github.com/faizalnurrozi/go-starter-kit/internal/service/impl/user_service_impl.go:114.16,115.36 1 0
github.com/faizalnurrozi/go-starter-kit/internal/service/impl/user_service_impl.go:115.36,117.4 1 0
github.com/faizalnurrozi/go-starter-kit/internal/service/impl/user_service_impl.go:118.3,119.60 2 0
github.com/faizalnurrozi/go-starter-kit/internal/service/impl/user_service_impl.go:123.2,123.21 1 0
github.com/faizalnurrozi/go-starter-kit/internal/service/impl/user_service_impl.go:123.21,125.3 1 0
github.com/faizalnurrozi/go-starter-kit/internal/service/impl/user_service_impl.go:126.2,126.22 1 0
github.com/faizalnurrozi/go-starter-kit/internal/service/impl/user_service_impl.go:126.22,128.3 1 0
github.com/faizalnurrozi/go-starter-kit/internal/service/impl/user_service_impl.go:129.2,129.25 1 0
github.com/faizalnurrozi/go-starter-kit/internal/service/impl/user_service_impl.go:129.25,131.3 1 0
github.com/faizalnurrozi/go-starter-kit/internal/service/impl/user_service_impl.go:133.2,133.53 1 0
github.com/faizalnurrozi/go-starter-kit/internal/service/impl/user_service_impl.go:133.53,136.3 2 0
github.com/faizalnurrozi/go-starter-kit/internal/service/impl/user_service_impl.go:139.2,141.44 2 0
github.com/faizalnurrozi/go-starter-kit/internal/service/impl/user_service_impl.go:144.66,146.16 2 0
github.com/faizalnurrozi/go-starter-kit/internal/service/impl/user_service_impl.go:146.16,147.36 1 0
github.com/faizalnurrozi/go-starter-kit/internal/service/impl/user_service_impl.go:147.36,149.4 1 0
github.com/faizalnurrozi/go-starter-kit/internal/service/impl/user_service_impl.go:150.3,151.55 2 0
github.com/faizalnurrozi/go-starter-kit/internal/service/impl/user_service_impl.go:154.2,154.51 1 0
github.com/faizalnurrozi/go-starter-kit/internal/service/impl/user_service_impl.go:154.51,157.3 2 0
github.com/faizalnurrozi/go-starter-kit/internal/service/impl/user_service_impl.go:160.2,162.12 2 0
github.com/faizalnurrozi/go-starter-kit/internal/service/impl/user_service_impl.go:165.73,166.20 1 1
github.com/faizalnurrozi/go-starter-kit/internal/service/impl/user_service_impl.go:166.20,168.3 1 1
github.com/faizalnurrozi/go-starter-kit/internal/service/impl/user_service_impl.go:170.2,172.45 3 0
github.com/faizalnurrozi/go-starter-kit/internal/service/impl/user_service_impl.go:175.80,176.20 1 0
github.com/faizalnurrozi/go-starter-kit/internal/service/impl/user_service_impl.go:176.20,178.3 1 0
github.com/faizalnurrozi/go-starter-kit/internal/service/impl/user_service_impl.go:180.2,182.16 3 0
github.com/faizalnurrozi/go-starter-kit/internal/service/impl/user_service_impl.go:182.16,184.3 1 0
github.com/faizalnurrozi/go-starter-kit/internal/service/impl/user_service_impl.go:186.2,187.60 2 0
github.com/faizalnurrozi/go-starter-kit/internal/service/impl/user_service_impl.go:187.60,189.3 1 0
github.com/faizalnurrozi/go-starter-kit/internal/service/impl/user_service_impl.go:191.2,191.14 1 0
github.com/faizalnurrozi/go-starter-kit/internal/service/impl/user_service_impl.go:194.73,195.20 1 0
github.com/faizalnurrozi/go-starter-kit/internal/service/impl/user_service_impl.go:195.20,197.3 1 0
github.com/faizalnurrozi/go-starter-kit/internal/service/impl/user_service_impl.go:199.2,200.23 2 0
github.com/faizalnurrozi/go-starter-kit/internal/config/config.go:56.21,58.43 1 0
github.com/faizalnurrozi/go-starter-kit/internal/config/config.go:58.43,60.6 1 0
github.com/faizalnurrozi/go-starter-kit/internal/config/config.go:62.5,73.48 7 0
github.com/faizalnurrozi/go-starter-kit/internal/config/config.go:73.48,75.6 1 0
github.com/faizalnurrozi/go-starter-kit/internal/config/config.go:77.5,78.52 2 0
github.com/faizalnurrozi/go-starter-kit/internal/config/config.go:78.52,80.6 1 0
github.com/faizalnurrozi/go-starter-kit/internal/config/config.go:82.5,83.19 2 0
github.com/faizalnurrozi/go-starter-kit/internal/config/config.go:86.20,87.28 1 0
github.com/faizalnurrozi/go-starter-kit/internal/config/config.go:87.28,89.6 1 0
github.com/faizalnurrozi/go-starter-kit/internal/config/config.go:90.5,90.24 1 0
github.com/faizalnurrozi/go-starter-kit/internal/config/config.go:93.20,105.2 11 0
github.com/faizalnurrozi/go-starter-kit/internal/dto/response/user_response.go:18.55,27.2 1 0
github.com/faizalnurrozi/go-starter-kit/internal/dto/response/user_response.go:29.63,31.29 2 0
github.com/faizalnurrozi/go-starter-kit/internal/dto/response/user_response.go:31.29,33.3 1 0
github.com/faizalnurrozi/go-starter-kit/internal/dto/response/user_response.go:34.2,34.17 1 0
github.com/faizalnurrozi/go-starter-kit/internal/errors/custom_error.go:14.35,16.2 1 0
github.com/faizalnurrozi/go-starter-kit/internal/errors/custom_error.go:18.73,23.22 2 0
github.com/faizalnurrozi/go-starter-kit/internal/errors/custom_error.go:23.22,25.3 1 0
github.com/faizalnurrozi/go-starter-kit/internal/errors/custom_error.go:26.2,26.12 1 0
github.com/faizalnurrozi/go-starter-kit/internal/errors/custom_error.go:30.51,32.2 1 0
github.com/faizalnurrozi/go-starter-kit/internal/errors/custom_error.go:34.50,36.2 1 0
github.com/faizalnurrozi/go-starter-kit/internal/errors/custom_error.go:38.39,40.2 1 0
github.com/faizalnurrozi/go-starter-kit/internal/errors/custom_error.go:42.49,44.2 1 0
github.com/faizalnurrozi/go-starter-kit/internal/errors/custom_error.go:46.49,48.2 1 0
github.com/faizalnurrozi/go-starter-kit/internal/handler/health_handler.go:11.40,13.2 1 0
github.com/faizalnurrozi/go-starter-kit/internal/handler/health_handler.go:15.51,23.2 2 0
github.com/faizalnurrozi/go-starter-kit/internal/handler/user_handler.go:17.70,21.2 1 1
github.com/faizalnurrozi/go-starter-kit/internal/handler/user_handler.go:23.50,27.16 3 1
github.com/faizalnurrozi/go-starter-kit/internal/handler/user_handler.go:27.16,29.3 1 0
github.com/faizalnurrozi/go-starter-kit/internal/handler/user_handler.go:31.2,31.35 1 1
github.com/faizalnurrozi/go-starter-kit/internal/handler/user_handler.go:34.51,38.16 3 0
github.com/faizalnurrozi/go-starter-kit/internal/handler/user_handler.go:38.16,40.3 1 0
github.com/faizalnurrozi/go-starter-kit/internal/handler/user_handler.go:42.2,42.35 1 0
github.com/faizalnurrozi/go-starter-kit/internal/handler/user_handler.go:45.50,50.16 4 0
github.com/faizalnurrozi/go-starter-kit/internal/handler/user_handler.go:50.16,52.3 1 0
github.com/faizalnurrozi/go-starter-kit/internal/handler/user_handler.go:54.2,54.36 1 0
github.com/faizalnurrozi/go-starter-kit/internal/handler/user_handler.go:57.50,62.16 4 0
github.com/faizalnurrozi/go-starter-kit/internal/handler/user_handler.go:62.16,64.3 1 0
github.com/faizalnurrozi/go-starter-kit/internal/handler/user_handler.go:66.2,66.35 1 0
github.com/faizalnurrozi/go-starter-kit/internal/handler/user_handler.go:69.50,73.16 3 0
github.com/faizalnurrozi/go-starter-kit/internal/handler/user_handler.go:73.16,75.3 1 0
github.com/faizalnurrozi/go-starter-kit/internal/handler/user_handler.go:77.2,77.88 1 0
github.com/faizalnurrozi/go-starter-kit/internal/logger/logger.go:12.25,15.26 2 0
github.com/faizalnurrozi/go-starter-kit/internal/logger/logger.go:15.26,17.6 1 0
github.com/faizalnurrozi/go-starter-kit/internal/logger/logger.go:17.11,19.6 1 0
github.com/faizalnurrozi/go-starter-kit/internal/logger/logger.go:21.5,24.19 3 0
github.com/faizalnurrozi/go-starter-kit/internal/logger/logger.go:24.19,26.6 1 0
github.com/faizalnurrozi/go-starter-kit/internal/logger/logger.go:27.5,27.27 1 0
github.com/faizalnurrozi/go-starter-kit/internal/logger/logger.go:30.29,31.16 1 0
github.com/faizalnurrozi/go-starter-kit/internal/logger/logger.go:31.16,33.3 1 0
github.com/faizalnurrozi/go-starter-kit/internal/logger/logger.go:37.32,39.2 1 0
github.com/faizalnurrozi/go-starter-kit/internal/logger/logger.go:41.33,43.2 1 0
github.com/faizalnurrozi/go-starter-kit/internal/logger/logger.go:45.33,47.2 1 0
github.com/faizalnurrozi/go-starter-kit/internal/logger/logger.go:49.32,51.2 1 0
github.com/faizalnurrozi/go-starter-kit/internal/logger/logger.go:53.33,55.2 1 0
github.com/faizalnurrozi/go-starter-kit/internal/logger/logger.go:57.53,59.2 1 0
github.com/faizalnurrozi/go-starter-kit/internal/logger/logger.go:61.33,63.2 1 0
github.com/faizalnurrozi/go-starter-kit/internal/middleware/auth.go:15.27,16.34 1 0
github.com/faizalnurrozi/go-starter-kit/internal/middleware/auth.go:16.34,18.23 2 0
github.com/faizalnurrozi/go-starter-kit/internal/middleware/auth.go:18.23,20.4 1 0
github.com/faizalnurrozi/go-starter-kit/internal/middleware/auth.go:22.3,23.24 2 0
github.com/faizalnurrozi/go-starter-kit/internal/middleware/auth.go:23.24,25.4 1 0
github.com/faizalnurrozi/go-starter-kit/internal/middleware/auth.go:27.3,28.84 2 0
github.com/faizalnurrozi/go-starter-kit/internal/middleware/auth.go:28.84,30.4 1 0
github.com/faizalnurrozi/go-starter-kit/internal/middleware/auth.go:32.3,32.33 1 0
github.com/faizalnurrozi/go-starter-kit/internal/middleware/auth.go:32.33,35.4 2 0
github.com/faizalnurrozi/go-starter-kit/internal/middleware/auth.go:37.3,37.53 1 0
github.com/faizalnurrozi/go-starter-kit/internal/middleware/auth.go:37.53,40.4 2 0
github.com/faizalnurrozi/go-starter-kit/internal/middleware/auth.go:42.3,42.18 1 0
github.com/faizalnurrozi/go-starter-kit/internal/middleware/cors.go:10.27,17.2 1 0
github.com/faizalnurrozi/go-starter-kit/internal/middleware/cors.go:19.50,21.2 1 0
github.com/faizalnurrozi/go-starter-kit/internal/middleware/logging.go:12.29,13.34 1 0
github.com/faizalnurrozi/go-starter-kit/internal/middleware/logging.go:13.34,30.3 5 0
github.com/faizalnurrozi/go-starter-kit/internal/middleware/validator.go:18.61,19.34 1 1
github.com/faizalnurrozi/go-starter-kit/internal/middleware/validator.go:19.34,22.36 2 1
github.com/faizalnurrozi/go-starter-kit/internal/middleware/validator.go:22.36,24.4 1 1
github.com/faizalnurrozi/go-starter-kit/internal/middleware/validator.go:25.3,28.43 2 1
github.com/faizalnurrozi/go-starter-kit/internal/middleware/validator.go:28.43,30.4 1 0
github.com/faizalnurrozi/go-starter-kit/internal/middleware/validator.go:33.3,33.46 1 1
github.com/faizalnurrozi/go-starter-kit/internal/middleware/validator.go:33.46,35.57 2 0
github.com/faizalnurrozi/go-starter-kit/internal/middleware/validator.go:35.57,37.5 1 0
github.com/faizalnurrozi/go-starter-kit/internal/middleware/validator.go:38.4,38.113 1 0
github.com/faizalnurrozi/go-starter-kit/internal/middleware/validator.go:41.3,42.18 2 1
github.com/faizalnurrozi/go-starter-kit/internal/middleware/validator.go:46.37,47.34 1 0
github.com/faizalnurrozi/go-starter-kit/internal/middleware/validator.go:47.34,50.48 2 0
github.com/faizalnurrozi/go-starter-kit/internal/middleware/validator.go:50.48,52.4 1 0
github.com/faizalnurrozi/go-starter-kit/internal/middleware/validator.go:54.3,54.49 1 0
github.com/faizalnurrozi/go-starter-kit/internal/middleware/validator.go:54.49,56.4 1 0
github.com/faizalnurrozi/go-starter-kit/internal/middleware/validator.go:58.3,59.18 2 0
github.com/faizalnurrozi/go-starter-kit/internal/utils/response.go:20.56,28.2 2 1
github.com/faizalnurrozi/go-starter-kit/internal/utils/response.go:30.47,33.25 2 0
github.com/faizalnurrozi/go-starter-kit/internal/utils/response.go:34.24,41.58 2 0
github.com/faizalnurrozi/go-starter-kit/internal/utils/response.go:42.10,49.40 3 0
github.com/faizalnurrozi/go-starter-kit/internal/utils/response.go:53.78,56.9 2 1
github.com/faizalnurrozi/go-starter-kit/internal/utils/response.go:57.48,60.44 3 0
github.com/faizalnurrozi/go-starter-kit/internal/utils/response.go:61.10,62.45 1 1
github.com/faizalnurrozi/go-starter-kit/internal/utils/response.go:66.34,67.14 1 0
github.com/faizalnurrozi/go-starter-kit/internal/utils/response.go:68.11,69.13 1 0
github.com/faizalnurrozi/go-starter-kit/internal/utils/response.go:70.11,71.13 1 0
github.com/faizalnurrozi/go-starter-kit/internal/utils/response.go:72.11,73.13 1 0
github.com/faizalnurrozi/go-starter-kit/internal/utils/response.go:74.10,75.13 1 0
